<?xml version="1.0" encoding="UTF-8"?>
<!-- Generated by org.testng.reporters.JUnitXMLReporter -->
<testsuite hostname="DESKTOP-N00LOFS" failures="1" tests="1" name="Surefire test" time="154.816" errors="0" timestamp="27 Oct 2020 12:46:33 GMT">
  <testcase classname="AppiumPackage002GroupId.AppiumTest" name="testSearchAppium" time="112.446">
    <failure type="java.lang.NullPointerException">
      <![CDATA[java.lang.NullPointerException
	at AppiumPackage002GroupId.AppiumTest.testSearchAppium(AppiumTest.java:171)
	at org.apache.maven.surefire.testng.TestNGExecutor.run(TestNGExecutor.java:135)
	at org.apache.maven.surefire.testng.TestNGDirectoryTestSuite.executeSingleClass(TestNGDirectoryTestSuite.java:112)
	at org.apache.maven.surefire.testng.TestNGDirectoryTestSuite.execute(TestNGDirectoryTestSuite.java:99)
	at org.apache.maven.surefire.testng.TestNGProvider.invoke(TestNGProvider.java:146)
	at org.apache.maven.surefire.booter.ForkedBooter.invokeProviderInSameClassLoader(ForkedBooter.java:384)
	at org.apache.maven.surefire.booter.ForkedBooter.runSuitesInProcess(ForkedBooter.java:345)
	at org.apache.maven.surefire.booter.ForkedBooter.execute(ForkedBooter.java:126)
	at org.apache.maven.surefire.booter.ForkedBooter.main(ForkedBooter.java:418)
... Removed 21 stack frames]]>
    </failure>
  </testcase> <!-- testSearchAppium -->
</testsuite> <!-- Surefire test -->
