-------------------------------------------------------------------------------
Test set: AppiumPackage002GroupId.AppiumTest
-------------------------------------------------------------------------------
Tests run: 2, Failures: 1, Errors: 0, Skipped: 0, Time elapsed: 167.005 s <<< FAILURE! - in AppiumPackage002GroupId.AppiumTest
tearDown(AppiumPackage002GroupId.AppiumTest)  Time elapsed: 131.761 s  <<< FAILURE!
java.lang.NullPointerException
	at AppiumPackage002GroupId.AppiumTest.tearDown(AppiumTest.java:133)

