<?xml version="1.0" encoding="UTF-8"?>
<testng-results total="1" passed="1" failed="0" skipped="0">
  <reporter-output>
  </reporter-output>
  <suite started-at="2020-10-18T07:27:02Z" name="Surefire suite" finished-at="2020-10-18T07:28:01Z" duration-ms="59088">
    <groups>
    </groups>
    <test started-at="2020-10-18T07:27:02Z" name="Surefire test" finished-at="2020-10-18T07:28:01Z" duration-ms="59088">
      <class name="AppiumPackage002GroupId.AppiumTest">
        <test-method is-config="true" signature="setup()[pri:0, instance:AppiumPackage002GroupId.AppiumTest@708f5957]" started-at="2020-10-18T12:57:02Z" name="setup" finished-at="2020-10-18T12:57:39Z" duration-ms="36855" status="PASS">
          <reporter-output>
          </reporter-output>
        </test-method> <!-- setup -->
        <test-method signature="testSearchAppium()[pri:0, instance:AppiumPackage002GroupId.AppiumTest@708f5957]" started-at="2020-10-18T12:57:39Z" name="testSearchAppium" finished-at="2020-10-18T12:58:01Z" duration-ms="21712" status="PASS">
          <reporter-output>
          </reporter-output>
        </test-method> <!-- testSearchAppium -->
        <test-method is-config="true" signature="tearDown()[pri:0, instance:AppiumPackage002GroupId.AppiumTest@708f5957]" started-at="2020-10-18T12:58:01Z" name="tearDown" finished-at="2020-10-18T12:58:01Z" duration-ms="513" status="PASS">
          <reporter-output>
          </reporter-output>
        </test-method> <!-- tearDown -->
      </class> <!-- AppiumPackage002GroupId.AppiumTest -->
    </test> <!-- Surefire test -->
  </suite> <!-- Surefire suite -->
</testng-results>
